[ 50%] [32mBuilding CXX object CMakeFiles/djikstra_explore.dir/src/djikstra.cpp.o[0m
[01m[K/mnt/planB/planning_explore/src/djikstra_explore/src/djikstra.cpp:[m[K In function ‘[01m[Kint main()[m[K’:
[01m[K/mnt/planB/planning_explore/src/djikstra_explore/src/djikstra.cpp:106:28:[m[K [01;31m[Kerror: [m[Kno matching function for call to ‘[01m[Kstd::vector<std::vector<Edge> >::push_back(<brace-enclosed initializer list>)[m[K’
  106 |   graph[1].push_back({2, 2}[01;31m[K)[m[K;
      |                            [01;31m[K^[m[K
In file included from [01m[K/usr/include/c++/9/vector:67[m[K,
                 from [01m[K/usr/include/c++/9/queue:61[m[K,
                 from [01m[K/mnt/planB/planning_explore/src/djikstra_explore/src/djikstra.cpp:11[m[K:
[01m[K/usr/include/c++/9/bits/stl_vector.h:1184:7:[m[K [01;36m[Knote: [m[Kcandidate: ‘[01m[Kvoid std::vector<_Tp, _Alloc>::push_back(const value_type&) [with _Tp = std::vector<Edge>; _Alloc = std::allocator<std::vector<Edge> >; std::vector<_Tp, _Alloc>::value_type = std::vector<Edge>][m[K’
 1184 |       [01;36m[Kpush_back[m[K(const value_type& __x)
      |       [01;36m[K^~~~~~~~~[m[K
[01m[K/usr/include/c++/9/bits/stl_vector.h:1184:35:[m[K [01;36m[Knote: [m[K  no known conversion for argument 1 from ‘[01m[K<brace-enclosed initializer list>[m[K’ to ‘[01m[Kconst value_type&[m[K’ {aka ‘[01m[Kconst std::vector<Edge>&[m[K’}
 1184 |       push_back([01;36m[Kconst value_type& __x[m[K)
      |                 [01;36m[K~~~~~~~~~~~~~~~~~~^~~[m[K
[01m[K/usr/include/c++/9/bits/stl_vector.h:1200:7:[m[K [01;36m[Knote: [m[Kcandidate: ‘[01m[Kvoid std::vector<_Tp, _Alloc>::push_back(std::vector<_Tp, _Alloc>::value_type&&) [with _Tp = std::vector<Edge>; _Alloc = std::allocator<std::vector<Edge> >; std::vector<_Tp, _Alloc>::value_type = std::vector<Edge>][m[K’
 1200 |       [01;36m[Kpush_back[m[K(value_type&& __x)
      |       [01;36m[K^~~~~~~~~[m[K
[01m[K/usr/include/c++/9/bits/stl_vector.h:1200:30:[m[K [01;36m[Knote: [m[K  no known conversion for argument 1 from ‘[01m[K<brace-enclosed initializer list>[m[K’ to ‘[01m[Kstd::vector<std::vector<Edge> >::value_type&&[m[K’ {aka ‘[01m[Kstd::vector<Edge>&&[m[K’}
 1200 |       push_back([01;36m[Kvalue_type&& __x[m[K)
      |                 [01;36m[K~~~~~~~~~~~~~^~~[m[K
[01m[K/mnt/planB/planning_explore/src/djikstra_explore/src/djikstra.cpp:107:28:[m[K [01;31m[Kerror: [m[Kno matching function for call to ‘[01m[Kstd::vector<std::vector<Edge> >::push_back(<brace-enclosed initializer list>)[m[K’
  107 |   graph[1].push_back({3, 5}[01;31m[K)[m[K;
      |                            [01;31m[K^[m[K
In file included from [01m[K/usr/include/c++/9/vector:67[m[K,
                 from [01m[K/usr/include/c++/9/queue:61[m[K,
                 from [01m[K/mnt/planB/planning_explore/src/djikstra_explore/src/djikstra.cpp:11[m[K:
[01m[K/usr/include/c++/9/bits/stl_vector.h:1184:7:[m[K [01;36m[Knote: [m[Kcandidate: ‘[01m[Kvoid std::vector<_Tp, _Alloc>::push_back(const value_type&) [with _Tp = std::vector<Edge>; _Alloc = std::allocator<std::vector<Edge> >; std::vector<_Tp, _Alloc>::value_type = std::vector<Edge>][m[K’
 1184 |       [01;36m[Kpush_back[m[K(const value_type& __x)
      |       [01;36m[K^~~~~~~~~[m[K
[01m[K/usr/include/c++/9/bits/stl_vector.h:1184:35:[m[K [01;36m[Knote: [m[K  no known conversion for argument 1 from ‘[01m[K<brace-enclosed initializer list>[m[K’ to ‘[01m[Kconst value_type&[m[K’ {aka ‘[01m[Kconst std::vector<Edge>&[m[K’}
 1184 |       push_back([01;36m[Kconst value_type& __x[m[K)
      |                 [01;36m[K~~~~~~~~~~~~~~~~~~^~~[m[K
[01m[K/usr/include/c++/9/bits/stl_vector.h:1200:7:[m[K [01;36m[Knote: [m[Kcandidate: ‘[01m[Kvoid std::vector<_Tp, _Alloc>::push_back(std::vector<_Tp, _Alloc>::value_type&&) [with _Tp = std::vector<Edge>; _Alloc = std::allocator<std::vector<Edge> >; std::vector<_Tp, _Alloc>::value_type = std::vector<Edge>][m[K’
 1200 |       [01;36m[Kpush_back[m[K(value_type&& __x)
      |       [01;36m[K^~~~~~~~~[m[K
[01m[K/usr/include/c++/9/bits/stl_vector.h:1200:30:[m[K [01;36m[Knote: [m[K  no known conversion for argument 1 from ‘[01m[K<brace-enclosed initializer list>[m[K’ to ‘[01m[Kstd::vector<std::vector<Edge> >::value_type&&[m[K’ {aka ‘[01m[Kstd::vector<Edge>&&[m[K’}
 1200 |       push_back([01;36m[Kvalue_type&& __x[m[K)
      |                 [01;36m[K~~~~~~~~~~~~~^~~[m[K
[01m[K/mnt/planB/planning_explore/src/djikstra_explore/src/djikstra.cpp:108:28:[m[K [01;31m[Kerror: [m[Kno matching function for call to ‘[01m[Kstd::vector<std::vector<Edge> >::push_back(<brace-enclosed initializer list>)[m[K’
  108 |   graph[2].push_back({3, 2}[01;31m[K)[m[K;
      |                            [01;31m[K^[m[K
In file included from [01m[K/usr/include/c++/9/vector:67[m[K,
                 from [01m[K/usr/include/c++/9/queue:61[m[K,
                 from [01m[K/mnt/planB/planning_explore/src/djikstra_explore/src/djikstra.cpp:11[m[K:
[01m[K/usr/include/c++/9/bits/stl_vector.h:1184:7:[m[K [01;36m[Knote: [m[Kcandidate: ‘[01m[Kvoid std::vector<_Tp, _Alloc>::push_back(const value_type&) [with _Tp = std::vector<Edge>; _Alloc = std::allocator<std::vector<Edge> >; std::vector<_Tp, _Alloc>::value_type = std::vector<Edge>][m[K’
 1184 |       [01;36m[Kpush_back[m[K(const value_type& __x)
      |       [01;36m[K^~~~~~~~~[m[K
[01m[K/usr/include/c++/9/bits/stl_vector.h:1184:35:[m[K [01;36m[Knote: [m[K  no known conversion for argument 1 from ‘[01m[K<brace-enclosed initializer list>[m[K’ to ‘[01m[Kconst value_type&[m[K’ {aka ‘[01m[Kconst std::vector<Edge>&[m[K’}
 1184 |       push_back([01;36m[Kconst value_type& __x[m[K)
      |                 [01;36m[K~~~~~~~~~~~~~~~~~~^~~[m[K
[01m[K/usr/include/c++/9/bits/stl_vector.h:1200:7:[m[K [01;36m[Knote: [m[Kcandidate: ‘[01m[Kvoid std::vector<_Tp, _Alloc>::push_back(std::vector<_Tp, _Alloc>::value_type&&) [with _Tp = std::vector<Edge>; _Alloc = std::allocator<std::vector<Edge> >; std::vector<_Tp, _Alloc>::value_type = std::vector<Edge>][m[K’
 1200 |       [01;36m[Kpush_back[m[K(value_type&& __x)
      |       [01;36m[K^~~~~~~~~[m[K
[01m[K/usr/include/c++/9/bits/stl_vector.h:1200:30:[m[K [01;36m[Knote: [m[K  no known conversion for argument 1 from ‘[01m[K<brace-enclosed initializer list>[m[K’ to ‘[01m[Kstd::vector<std::vector<Edge> >::value_type&&[m[K’ {aka ‘[01m[Kstd::vector<Edge>&&[m[K’}
 1200 |       push_back([01;36m[Kvalue_type&& __x[m[K)
      |                 [01;36m[K~~~~~~~~~~~~~^~~[m[K
[01m[K/mnt/planB/planning_explore/src/djikstra_explore/src/djikstra.cpp:109:28:[m[K [01;31m[Kerror: [m[Kno matching function for call to ‘[01m[Kstd::vector<std::vector<Edge> >::push_back(<brace-enclosed initializer list>)[m[K’
  109 |   graph[2].push_back({4, 6}[01;31m[K)[m[K;
      |                            [01;31m[K^[m[K
In file included from [01m[K/usr/include/c++/9/vector:67[m[K,
                 from [01m[K/usr/include/c++/9/queue:61[m[K,
                 from [01m[K/mnt/planB/planning_explore/src/djikstra_explore/src/djikstra.cpp:11[m[K:
[01m[K/usr/include/c++/9/bits/stl_vector.h:1184:7:[m[K [01;36m[Knote: [m[Kcandidate: ‘[01m[Kvoid std::vector<_Tp, _Alloc>::push_back(const value_type&) [with _Tp = std::vector<Edge>; _Alloc = std::allocator<std::vector<Edge> >; std::vector<_Tp, _Alloc>::value_type = std::vector<Edge>][m[K’
 1184 |       [01;36m[Kpush_back[m[K(const value_type& __x)
      |       [01;36m[K^~~~~~~~~[m[K
[01m[K/usr/include/c++/9/bits/stl_vector.h:1184:35:[m[K [01;36m[Knote: [m[K  no known conversion for argument 1 from ‘[01m[K<brace-enclosed initializer list>[m[K’ to ‘[01m[Kconst value_type&[m[K’ {aka ‘[01m[Kconst std::vector<Edge>&[m[K’}
 1184 |       push_back([01;36m[Kconst value_type& __x[m[K)
      |                 [01;36m[K~~~~~~~~~~~~~~~~~~^~~[m[K
[01m[K/usr/include/c++/9/bits/stl_vector.h:1200:7:[m[K [01;36m[Knote: [m[Kcandidate: ‘[01m[Kvoid std::vector<_Tp, _Alloc>::push_back(std::vector<_Tp, _Alloc>::value_type&&) [with _Tp = std::vector<Edge>; _Alloc = std::allocator<std::vector<Edge> >; std::vector<_Tp, _Alloc>::value_type = std::vector<Edge>][m[K’
 1200 |       [01;36m[Kpush_back[m[K(value_type&& __x)
      |       [01;36m[K^~~~~~~~~[m[K
[01m[K/usr/include/c++/9/bits/stl_vector.h:1200:30:[m[K [01;36m[Knote: [m[K  no known conversion for argument 1 from ‘[01m[K<brace-enclosed initializer list>[m[K’ to ‘[01m[Kstd::vector<std::vector<Edge> >::value_type&&[m[K’ {aka ‘[01m[Kstd::vector<Edge>&&[m[K’}
 1200 |       push_back([01;36m[Kvalue_type&& __x[m[K)
      |                 [01;36m[K~~~~~~~~~~~~~^~~[m[K
[01m[K/mnt/planB/planning_explore/src/djikstra_explore/src/djikstra.cpp:110:28:[m[K [01;31m[Kerror: [m[Kno matching function for call to ‘[01m[Kstd::vector<std::vector<Edge> >::push_back(<brace-enclosed initializer list>)[m[K’
  110 |   graph[3].push_back({5, 1}[01;31m[K)[m[K;
      |                            [01;31m[K^[m[K
In file included from [01m[K/usr/include/c++/9/vector:67[m[K,
                 from [01m[K/usr/include/c++/9/queue:61[m[K,
                 from [01m[K/mnt/planB/planning_explore/src/djikstra_explore/src/djikstra.cpp:11[m[K:
[01m[K/usr/include/c++/9/bits/stl_vector.h:1184:7:[m[K [01;36m[Knote: [m[Kcandidate: ‘[01m[Kvoid std::vector<_Tp, _Alloc>::push_back(const value_type&) [with _Tp = std::vector<Edge>; _Alloc = std::allocator<std::vector<Edge> >; std::vector<_Tp, _Alloc>::value_type = std::vector<Edge>][m[K’
 1184 |       [01;36m[Kpush_back[m[K(const value_type& __x)
      |       [01;36m[K^~~~~~~~~[m[K
[01m[K/usr/include/c++/9/bits/stl_vector.h:1184:35:[m[K [01;36m[Knote: [m[K  no known conversion for argument 1 from ‘[01m[K<brace-enclosed initializer list>[m[K’ to ‘[01m[Kconst value_type&[m[K’ {aka ‘[01m[Kconst std::vector<Edge>&[m[K’}
 1184 |       push_back([01;36m[Kconst value_type& __x[m[K)
      |                 [01;36m[K~~~~~~~~~~~~~~~~~~^~~[m[K
[01m[K/usr/include/c++/9/bits/stl_vector.h:1200:7:[m[K [01;36m[Knote: [m[Kcandidate: ‘[01m[Kvoid std::vector<_Tp, _Alloc>::push_back(std::vector<_Tp, _Alloc>::value_type&&) [with _Tp = std::vector<Edge>; _Alloc = std::allocator<std::vector<Edge> >; std::vector<_Tp, _Alloc>::value_type = std::vector<Edge>][m[K’
 1200 |       [01;36m[Kpush_back[m[K(value_type&& __x)
      |       [01;36m[K^~~~~~~~~[m[K
[01m[K/usr/include/c++/9/bits/stl_vector.h:1200:30:[m[K [01;36m[Knote: [m[K  no known conversion for argument 1 from ‘[01m[K<brace-enclosed initializer list>[m[K’ to ‘[01m[Kstd::vector<std::vector<Edge> >::value_type&&[m[K’ {aka ‘[01m[Kstd::vector<Edge>&&[m[K’}
 1200 |       push_back([01;36m[Kvalue_type&& __x[m[K)
      |                 [01;36m[K~~~~~~~~~~~~~^~~[m[K
[01m[K/mnt/planB/planning_explore/src/djikstra_explore/src/djikstra.cpp:111:28:[m[K [01;31m[Kerror: [m[Kno matching function for call to ‘[01m[Kstd::vector<std::vector<Edge> >::push_back(<brace-enclosed initializer list>)[m[K’
  111 |   graph[4].push_back({3, 1}[01;31m[K)[m[K;
      |                            [01;31m[K^[m[K
In file included from [01m[K/usr/include/c++/9/vector:67[m[K,
                 from [01m[K/usr/include/c++/9/queue:61[m[K,
                 from [01m[K/mnt/planB/planning_explore/src/djikstra_explore/src/djikstra.cpp:11[m[K:
[01m[K/usr/include/c++/9/bits/stl_vector.h:1184:7:[m[K [01;36m[Knote: [m[Kcandidate: ‘[01m[Kvoid std::vector<_Tp, _Alloc>::push_back(const value_type&) [with _Tp = std::vector<Edge>; _Alloc = std::allocator<std::vector<Edge> >; std::vector<_Tp, _Alloc>::value_type = std::vector<Edge>][m[K’
 1184 |       [01;36m[Kpush_back[m[K(const value_type& __x)
      |       [01;36m[K^~~~~~~~~[m[K
[01m[K/usr/include/c++/9/bits/stl_vector.h:1184:35:[m[K [01;36m[Knote: [m[K  no known conversion for argument 1 from ‘[01m[K<brace-enclosed initializer list>[m[K’ to ‘[01m[Kconst value_type&[m[K’ {aka ‘[01m[Kconst std::vector<Edge>&[m[K’}
 1184 |       push_back([01;36m[Kconst value_type& __x[m[K)
      |                 [01;36m[K~~~~~~~~~~~~~~~~~~^~~[m[K
[01m[K/usr/include/c++/9/bits/stl_vector.h:1200:7:[m[K [01;36m[Knote: [m[Kcandidate: ‘[01m[Kvoid std::vector<_Tp, _Alloc>::push_back(std::vector<_Tp, _Alloc>::value_type&&) [with _Tp = std::vector<Edge>; _Alloc = std::allocator<std::vector<Edge> >; std::vector<_Tp, _Alloc>::value_type = std::vector<Edge>][m[K’
 1200 |       [01;36m[Kpush_back[m[K(value_type&& __x)
      |       [01;36m[K^~~~~~~~~[m[K
[01m[K/usr/include/c++/9/bits/stl_vector.h:1200:30:[m[K [01;36m[Knote: [m[K  no known conversion for argument 1 from ‘[01m[K<brace-enclosed initializer list>[m[K’ to ‘[01m[Kstd::vector<std::vector<Edge> >::value_type&&[m[K’ {aka ‘[01m[Kstd::vector<Edge>&&[m[K’}
 1200 |       push_back([01;36m[Kvalue_type&& __x[m[K)
      |                 [01;36m[K~~~~~~~~~~~~~^~~[m[K
[01m[K/mnt/planB/planning_explore/src/djikstra_explore/src/djikstra.cpp:112:28:[m[K [01;31m[Kerror: [m[Kno matching function for call to ‘[01m[Kstd::vector<std::vector<Edge> >::push_back(<brace-enclosed initializer list>)[m[K’
  112 |   graph[4].push_back({5, 4}[01;31m[K)[m[K;
      |                            [01;31m[K^[m[K
In file included from [01m[K/usr/include/c++/9/vector:67[m[K,
                 from [01m[K/usr/include/c++/9/queue:61[m[K,
                 from [01m[K/mnt/planB/planning_explore/src/djikstra_explore/src/djikstra.cpp:11[m[K:
[01m[K/usr/include/c++/9/bits/stl_vector.h:1184:7:[m[K [01;36m[Knote: [m[Kcandidate: ‘[01m[Kvoid std::vector<_Tp, _Alloc>::push_back(const value_type&) [with _Tp = std::vector<Edge>; _Alloc = std::allocator<std::vector<Edge> >; std::vector<_Tp, _Alloc>::value_type = std::vector<Edge>][m[K’
 1184 |       [01;36m[Kpush_back[m[K(const value_type& __x)
      |       [01;36m[K^~~~~~~~~[m[K
[01m[K/usr/include/c++/9/bits/stl_vector.h:1184:35:[m[K [01;36m[Knote: [m[K  no known conversion for argument 1 from ‘[01m[K<brace-enclosed initializer list>[m[K’ to ‘[01m[Kconst value_type&[m[K’ {aka ‘[01m[Kconst std::vector<Edge>&[m[K’}
 1184 |       push_back([01;36m[Kconst value_type& __x[m[K)
      |                 [01;36m[K~~~~~~~~~~~~~~~~~~^~~[m[K
[01m[K/usr/include/c++/9/bits/stl_vector.h:1200:7:[m[K [01;36m[Knote: [m[Kcandidate: ‘[01m[Kvoid std::vector<_Tp, _Alloc>::push_back(std::vector<_Tp, _Alloc>::value_type&&) [with _Tp = std::vector<Edge>; _Alloc = std::allocator<std::vector<Edge> >; std::vector<_Tp, _Alloc>::value_type = std::vector<Edge>][m[K’
 1200 |       [01;36m[Kpush_back[m[K(value_type&& __x)
      |       [01;36m[K^~~~~~~~~[m[K
[01m[K/usr/include/c++/9/bits/stl_vector.h:1200:30:[m[K [01;36m[Knote: [m[K  no known conversion for argument 1 from ‘[01m[K<brace-enclosed initializer list>[m[K’ to ‘[01m[Kstd::vector<std::vector<Edge> >::value_type&&[m[K’ {aka ‘[01m[Kstd::vector<Edge>&&[m[K’}
 1200 |       push_back([01;36m[Kvalue_type&& __x[m[K)
      |                 [01;36m[K~~~~~~~~~~~~~^~~[m[K
[01m[K/mnt/planB/planning_explore/src/djikstra_explore/src/djikstra.cpp:118:35:[m[K [01;31m[Kerror: [m[Kcould not convert ‘[01m[K(Graph*)(& graph)[m[K’ from ‘[01m[KGraph*[m[K’ {aka ‘[01m[Kstd::vector<std::vector<Edge> >*[m[K’} to ‘[01m[KGraph[m[K’ {aka ‘[01m[Kstd::vector<std::vector<Edge> >[m[K’}
  118 |   long long mindist = DjikstraOpt([01;31m[Kgraph[m[K, start, end, N, path);
      |                                   [01;31m[K^~~~~[m[K
      |                                   [01;31m[K|[m[K
      |                                   [01;31m[KGraph* {aka std::vector<std::vector<Edge> >*}[m[K
make[2]: *** [CMakeFiles/djikstra_explore.dir/build.make:76: CMakeFiles/djikstra_explore.dir/src/djikstra.cpp.o] Error 1
make[1]: *** [CMakeFiles/Makefile2:673: CMakeFiles/djikstra_explore.dir/all] Error 2
make: *** [Makefile:146: all] Error 2
