Performing C SOURCE FILE Test CMAKE_HAVE_LIBC_PTHREAD failed with the following output:
Change Dir: /mnt/planB/planning_explore/build/auto_nav/CMakeFiles/CMakeScratch/TryCompile-jAumPo

Run Build Command(s):/usr/bin/make -f Makefile cmTC_8ea0f/fast && /usr/bin/make  -f CMakeFiles/cmTC_8ea0f.dir/build.make CMakeFiles/cmTC_8ea0f.dir/build
make[1]: Entering directory '/mnt/planB/planning_explore/build/auto_nav/CMakeFiles/CMakeScratch/TryCompile-jAumPo'
Building C object CMakeFiles/cmTC_8ea0f.dir/src.c.o
/usr/bin/cc -DCMAKE_HAVE_LIBC_PTHREAD   -o CMakeFiles/cmTC_8ea0f.dir/src.c.o -c /mnt/planB/planning_explore/build/auto_nav/CMakeFiles/CMakeScratch/TryCompile-jAumPo/src.c
Linking C executable cmTC_8ea0f
/home/zqh/.local/lib/python3.8/site-packages/cmake/data/bin/cmake -E cmake_link_script CMakeFiles/cmTC_8ea0f.dir/link.txt --verbose=1
/usr/bin/cc -rdynamic CMakeFiles/cmTC_8ea0f.dir/src.c.o -o cmTC_8ea0f 
/usr/bin/ld: CMakeFiles/cmTC_8ea0f.dir/src.c.o: in function `main':
src.c:(.text+0x46): undefined reference to `pthread_create'
/usr/bin/ld: src.c:(.text+0x52): undefined reference to `pthread_detach'
/usr/bin/ld: src.c:(.text+0x5e): undefined reference to `pthread_cancel'
/usr/bin/ld: src.c:(.text+0x6f): undefined reference to `pthread_join'
collect2: error: ld returned 1 exit status
make[1]: *** [CMakeFiles/cmTC_8ea0f.dir/build.make:99: cmTC_8ea0f] Error 1
make[1]: Leaving directory '/mnt/planB/planning_explore/build/auto_nav/CMakeFiles/CMakeScratch/TryCompile-jAumPo'
make: *** [Makefile:127: cmTC_8ea0f/fast] Error 2


Source file was:
#include <pthread.h>

static void* test_func(void* data)
{
  return data;
}

int main(void)
{
  pthread_t thread;
  pthread_create(&thread, NULL, test_func, NULL);
  pthread_detach(thread);
  pthread_cancel(thread);
  pthread_join(thread, NULL);
  pthread_atfork(NULL, NULL, NULL);
  pthread_exit(NULL);

  return 0;
}


Determining if the function pthread_create exists in the pthreads failed with the following output:
Change Dir: /mnt/planB/planning_explore/build/auto_nav/CMakeFiles/CMakeScratch/TryCompile-DuWpmp

Run Build Command(s):/usr/bin/make -f Makefile cmTC_efd33/fast && /usr/bin/make  -f CMakeFiles/cmTC_efd33.dir/build.make CMakeFiles/cmTC_efd33.dir/build
make[1]: Entering directory '/mnt/planB/planning_explore/build/auto_nav/CMakeFiles/CMakeScratch/TryCompile-DuWpmp'
Building C object CMakeFiles/cmTC_efd33.dir/CheckFunctionExists.c.o
/usr/bin/cc   -DCHECK_FUNCTION_EXISTS=pthread_create -o CMakeFiles/cmTC_efd33.dir/CheckFunctionExists.c.o -c /mnt/planB/planning_explore/build/auto_nav/CMakeFiles/CMakeScratch/TryCompile-DuWpmp/CheckFunctionExists.c
Linking C executable cmTC_efd33
/home/zqh/.local/lib/python3.8/site-packages/cmake/data/bin/cmake -E cmake_link_script CMakeFiles/cmTC_efd33.dir/link.txt --verbose=1
/usr/bin/cc  -DCHECK_FUNCTION_EXISTS=pthread_create -rdynamic CMakeFiles/cmTC_efd33.dir/CheckFunctionExists.c.o -o cmTC_efd33  -lpthreads 
/usr/bin/ld: cannot find -lpthreads
collect2: error: ld returned 1 exit status
make[1]: *** [CMakeFiles/cmTC_efd33.dir/build.make:99: cmTC_efd33] Error 1
make[1]: Leaving directory '/mnt/planB/planning_explore/build/auto_nav/CMakeFiles/CMakeScratch/TryCompile-DuWpmp'
make: *** [Makefile:127: cmTC_efd33/fast] Error 2



