Performing C SOURCE FILE Test CMAKE_HAVE_LIBC_PTHREAD failed with the following output:
Change Dir: /mnt/planB/planning_explore/build/A_star/CMakeFiles/CMakeScratch/TryCompile-YXfjca

Run Build Command(s):/usr/bin/make -f Makefile cmTC_3eb67/fast && /usr/bin/make  -f CMakeFiles/cmTC_3eb67.dir/build.make CMakeFiles/cmTC_3eb67.dir/build
make[1]: Entering directory '/mnt/planB/planning_explore/build/A_star/CMakeFiles/CMakeScratch/TryCompile-YXfjca'
Building C object CMakeFiles/cmTC_3eb67.dir/src.c.o
/usr/bin/cc -DCMAKE_HAVE_LIBC_PTHREAD   -o CMakeFiles/cmTC_3eb67.dir/src.c.o -c /mnt/planB/planning_explore/build/A_star/CMakeFiles/CMakeScratch/TryCompile-YXfjca/src.c
Linking C executable cmTC_3eb67
/home/zqh/.local/lib/python3.8/site-packages/cmake/data/bin/cmake -E cmake_link_script CMakeFiles/cmTC_3eb67.dir/link.txt --verbose=1
/usr/bin/cc -rdynamic CMakeFiles/cmTC_3eb67.dir/src.c.o -o cmTC_3eb67 
/usr/bin/ld: CMakeFiles/cmTC_3eb67.dir/src.c.o: in function `main':
src.c:(.text+0x46): undefined reference to `pthread_create'
/usr/bin/ld: src.c:(.text+0x52): undefined reference to `pthread_detach'
/usr/bin/ld: src.c:(.text+0x5e): undefined reference to `pthread_cancel'
/usr/bin/ld: src.c:(.text+0x6f): undefined reference to `pthread_join'
collect2: error: ld returned 1 exit status
make[1]: *** [CMakeFiles/cmTC_3eb67.dir/build.make:99: cmTC_3eb67] Error 1
make[1]: Leaving directory '/mnt/planB/planning_explore/build/A_star/CMakeFiles/CMakeScratch/TryCompile-YXfjca'
make: *** [Makefile:127: cmTC_3eb67/fast] Error 2


Source file was:
#include <pthread.h>

static void* test_func(void* data)
{
  return data;
}

int main(void)
{
  pthread_t thread;
  pthread_create(&thread, NULL, test_func, NULL);
  pthread_detach(thread);
  pthread_cancel(thread);
  pthread_join(thread, NULL);
  pthread_atfork(NULL, NULL, NULL);
  pthread_exit(NULL);

  return 0;
}


Determining if the function pthread_create exists in the pthreads failed with the following output:
Change Dir: /mnt/planB/planning_explore/build/A_star/CMakeFiles/CMakeScratch/TryCompile-jj6ngb

Run Build Command(s):/usr/bin/make -f Makefile cmTC_5089f/fast && /usr/bin/make  -f CMakeFiles/cmTC_5089f.dir/build.make CMakeFiles/cmTC_5089f.dir/build
make[1]: Entering directory '/mnt/planB/planning_explore/build/A_star/CMakeFiles/CMakeScratch/TryCompile-jj6ngb'
Building C object CMakeFiles/cmTC_5089f.dir/CheckFunctionExists.c.o
/usr/bin/cc   -DCHECK_FUNCTION_EXISTS=pthread_create -o CMakeFiles/cmTC_5089f.dir/CheckFunctionExists.c.o -c /mnt/planB/planning_explore/build/A_star/CMakeFiles/CMakeScratch/TryCompile-jj6ngb/CheckFunctionExists.c
Linking C executable cmTC_5089f
/home/zqh/.local/lib/python3.8/site-packages/cmake/data/bin/cmake -E cmake_link_script CMakeFiles/cmTC_5089f.dir/link.txt --verbose=1
/usr/bin/cc  -DCHECK_FUNCTION_EXISTS=pthread_create -rdynamic CMakeFiles/cmTC_5089f.dir/CheckFunctionExists.c.o -o cmTC_5089f  -lpthreads 
/usr/bin/ld: cannot find -lpthreads
collect2: error: ld returned 1 exit status
make[1]: *** [CMakeFiles/cmTC_5089f.dir/build.make:99: cmTC_5089f] Error 1
make[1]: Leaving directory '/mnt/planB/planning_explore/build/A_star/CMakeFiles/CMakeScratch/TryCompile-jj6ngb'
make: *** [Makefile:127: cmTC_5089f/fast] Error 2



